<?xml version="1.0" encoding="UTF-8"?>
<!-- Generated by org.testng.reporters.JUnitReportReporter -->
<testsuite skipped="0" hostname="DESKTOP-6QB07EQ" name="com.qa.api.gorest.tests.GetImgurApiTest" tests="1" failures="0" timestamp="10 Mar 2020 11:38:06 GMT" time="30.889" errors="0">
  <testcase name="postImageUploadApiTest" time="30.889" classname="com.qa.api.gorest.tests.GetImgurApiTest"/>
</testsuite> <!-- com.qa.api.gorest.tests.GetImgurApiTest -->
