<?xml version="1.0" encoding="UTF-8"?>
<!-- Generated by org.testng.reporters.JUnitReportReporter -->
<testsuite skipped="0" hostname="DESKTOP-6QB07EQ" name="com.qa.api.gorest.tests.GetUserTest" tests="1" failures="0" timestamp="25 Dec 2019 07:29:38 GMT" time="7.835" errors="0">
  <testcase name="getUserWithQueryParamsAPITest" time="7.835" classname="com.qa.api.gorest.tests.GetUserTest"/>
</testsuite> <!-- com.qa.api.gorest.tests.GetUserTest -->
